
==================================================
TIMESTAMP: 2025-07-23 08:15:06
FROM: noreply@siports.com
TO: epitaphemarket@gmail.com
SUBJECT: [SIPORTS] Connexion utilisateur
BODY:
CiAgICAgICAgPGh0bWw+CiAgICAgICAgPGhlYWQ+CiAgICAgICAgICAgIDxzdHlsZT4KICAgICAg
ICAgICAgICAgIGJvZHkgeyBmb250LWZhbWlseTogQXJpYWwsIHNhbnMtc2VyaWY7IGxpbmUtaGVp
Z2h0OiAxLjY7IGNvbG9yOiAjMzMzOyB9CiAgICAgICAgICAgICAgICAuaGVhZGVyIHsgYmFja2dy
b3VuZC1jb2xvcjogIzA4OTFiMjsgY29sb3I6IHdoaXRlOyBwYWRkaW5nOiAyMHB4OyB0ZXh0LWFs
aWduOiBjZW50ZXI7IH0KICAgICAgICAgICAgICAgIC5jb250ZW50IHsgcGFkZGluZzogMjBweDsg
fQogICAgICAgICAgICAgICAgLnVzZXItaW5mbyB7IGJhY2tncm91bmQtY29sb3I6ICNmMGY5ZmY7
IHBhZGRpbmc6IDE1cHg7IGJvcmRlci1sZWZ0OiA0cHggc29saWQgIzA4OTFiMjsgbWFyZ2luOiAx
NXB4IDA7IH0KICAgICAgICAgICAgICAgIC5mb290ZXIgeyBiYWNrZ3JvdW5kLWNvbG9yOiAjZjhm
OWZhOyBwYWRkaW5nOiAxNXB4OyB0ZXh0LWFsaWduOiBjZW50ZXI7IGZvbnQtc2l6ZTogMTJweDsg
Y29sb3I6ICM2NjY7IH0KICAgICAgICAgICAgICAgIC5ldmVudC10eXBlIHsgZGlzcGxheTogaW5s
aW5lLWJsb2NrOyBiYWNrZ3JvdW5kLWNvbG9yOiAjMTBiOTgxOyBjb2xvcjogd2hpdGU7IHBhZGRp
bmc6IDVweCAxMHB4OyBib3JkZXItcmFkaXVzOiA1cHg7IGZvbnQtc2l6ZTogMTJweDsgfQogICAg
ICAgICAgICA8L3N0eWxlPgogICAgICAgIDwvaGVhZD4KICAgICAgICA8Ym9keT4KICAgICAgICAg
ICAgPGRpdiBjbGFzcz0iaGVhZGVyIj4KICAgICAgICAgICAgICAgIDxoMT7wn5qiIFNJUE9SVFMg
LSBOb3RpZmljYXRpb24gU3lzdMOobWU8L2gxPgogICAgICAgICAgICA8L2Rpdj4KICAgICAgICAg
ICAgCiAgICAgICAgICAgIDxkaXYgY2xhc3M9ImNvbnRlbnQiPgogICAgICAgICAgICAgICAgPGRp
diBjbGFzcz0iZXZlbnQtdHlwZSI+Q09OTkVYSU9OPC9kaXY+CiAgICAgICAgICAgICAgICA8aDI+
Tm91dmVsbGUgYWN0aXZpdMOpIGTDqXRlY3TDqWU8L2gyPgogICAgICAgICAgICAgICAgPHA+PHN0
cm9uZz5UaW1lc3RhbXA6PC9zdHJvbmc+IDIwMjUtMDctMjMgMDg6MTU6MDY8L3A+CiAgICAgICAg
ICAgICAgICA8cD48c3Ryb25nPk1lc3NhZ2U6PC9zdHJvbmc+IFVuIHV0aWxpc2F0ZXVyIHMnZXN0
IGNvbm5lY3TDqSDDoCBsYSBwbGF0ZWZvcm1lIFNJUE9SVFMuPC9wPgogICAgICAgICAgICAgICAg
CiAgICAgICAgICAgICAgICA8ZGl2IGNsYXNzPSd1c2VyLWluZm8nPjxoMz5JbmZvcm1hdGlvbnMg
dXRpbGlzYXRldXI6PC9oMz48dWw+PGxpPjxzdHJvbmc+RW1haWw6PC9zdHJvbmc+IGV4cG9zYW50
QGV4YW1wbGUuY29tPC9saT48bGk+PHN0cm9uZz5GaXJzdCBOYW1lOjwvc3Ryb25nPiBKZWFuPC9s
aT48bGk+PHN0cm9uZz5MYXN0IE5hbWU6PC9zdHJvbmc+IER1cG9udDwvbGk+PGxpPjxzdHJvbmc+
VXNlciBUeXBlOjwvc3Ryb25nPiBleGhpYml0b3I8L2xpPjxsaT48c3Ryb25nPkNvbXBhbnk6PC9z
dHJvbmc+IE1hcml0aW1lIFNvbHV0aW9uczwvbGk+PGxpPjxzdHJvbmc+TGFzdCBMb2dpbjo8L3N0
cm9uZz4gMjAyNS0wNy0yMyAxMjoxNTowNjwvbGk+PC91bD48L2Rpdj4KICAgICAgICAgICAgPC9k
aXY+CiAgICAgICAgICAgIAogICAgICAgICAgICA8ZGl2IGNsYXNzPSJmb290ZXIiPgogICAgICAg
ICAgICAgICAgPHA+Q2V0IGUtbWFpbCBhIMOpdMOpIGfDqW7DqXLDqSBhdXRvbWF0aXF1ZW1lbnQg
cGFyIGxlIHN5c3TDqG1lIFNJUE9SVFMuPC9wPgogICAgICAgICAgICAgICAgPHA+U2Fsb24gSW50
ZXJuYXRpb25hbCBkZXMgUG9ydHMgZXQgZGUgbGV1ciDDiWNvc3lzdMOobWU8L3A+CiAgICAgICAg
ICAgIDwvZGl2PgogICAgICAgIDwvYm9keT4KICAgICAgICA8L2h0bWw+CiAgICAgICAg

==================================================

==================================================
TIMESTAMP: 2025-07-23 08:15:46
FROM: noreply@siports.com
TO: epitaphemarket@gmail.com
SUBJECT: [SIPORTS] Connexion utilisateur
BODY:
CiAgICAgICAgPGh0bWw+CiAgICAgICAgPGhlYWQ+CiAgICAgICAgICAgIDxzdHlsZT4KICAgICAg
ICAgICAgICAgIGJvZHkgeyBmb250LWZhbWlseTogQXJpYWwsIHNhbnMtc2VyaWY7IGxpbmUtaGVp
Z2h0OiAxLjY7IGNvbG9yOiAjMzMzOyB9CiAgICAgICAgICAgICAgICAuaGVhZGVyIHsgYmFja2dy
b3VuZC1jb2xvcjogIzA4OTFiMjsgY29sb3I6IHdoaXRlOyBwYWRkaW5nOiAyMHB4OyB0ZXh0LWFs
aWduOiBjZW50ZXI7IH0KICAgICAgICAgICAgICAgIC5jb250ZW50IHsgcGFkZGluZzogMjBweDsg
fQogICAgICAgICAgICAgICAgLnVzZXItaW5mbyB7IGJhY2tncm91bmQtY29sb3I6ICNmMGY5ZmY7
IHBhZGRpbmc6IDE1cHg7IGJvcmRlci1sZWZ0OiA0cHggc29saWQgIzA4OTFiMjsgbWFyZ2luOiAx
NXB4IDA7IH0KICAgICAgICAgICAgICAgIC5mb290ZXIgeyBiYWNrZ3JvdW5kLWNvbG9yOiAjZjhm
OWZhOyBwYWRkaW5nOiAxNXB4OyB0ZXh0LWFsaWduOiBjZW50ZXI7IGZvbnQtc2l6ZTogMTJweDsg
Y29sb3I6ICM2NjY7IH0KICAgICAgICAgICAgICAgIC5ldmVudC10eXBlIHsgZGlzcGxheTogaW5s
aW5lLWJsb2NrOyBiYWNrZ3JvdW5kLWNvbG9yOiAjMTBiOTgxOyBjb2xvcjogd2hpdGU7IHBhZGRp
bmc6IDVweCAxMHB4OyBib3JkZXItcmFkaXVzOiA1cHg7IGZvbnQtc2l6ZTogMTJweDsgfQogICAg
ICAgICAgICA8L3N0eWxlPgogICAgICAgIDwvaGVhZD4KICAgICAgICA8Ym9keT4KICAgICAgICAg
ICAgPGRpdiBjbGFzcz0iaGVhZGVyIj4KICAgICAgICAgICAgICAgIDxoMT7wn5qiIFNJUE9SVFMg
LSBOb3RpZmljYXRpb24gU3lzdMOobWU8L2gxPgogICAgICAgICAgICA8L2Rpdj4KICAgICAgICAg
ICAgCiAgICAgICAgICAgIDxkaXYgY2xhc3M9ImNvbnRlbnQiPgogICAgICAgICAgICAgICAgPGRp
diBjbGFzcz0iZXZlbnQtdHlwZSI+Q09OTkVYSU9OPC9kaXY+CiAgICAgICAgICAgICAgICA8aDI+
Tm91dmVsbGUgYWN0aXZpdMOpIGTDqXRlY3TDqWU8L2gyPgogICAgICAgICAgICAgICAgPHA+PHN0
cm9uZz5UaW1lc3RhbXA6PC9zdHJvbmc+IDIwMjUtMDctMjMgMDg6MTU6NDY8L3A+CiAgICAgICAg
ICAgICAgICA8cD48c3Ryb25nPk1lc3NhZ2U6PC9zdHJvbmc+IFVuIHV0aWxpc2F0ZXVyIHMnZXN0
IGNvbm5lY3TDqSDDoCBsYSBwbGF0ZWZvcm1lIFNJUE9SVFMuPC9wPgogICAgICAgICAgICAgICAg
CiAgICAgICAgICAgICAgICA8ZGl2IGNsYXNzPSd1c2VyLWluZm8nPjxoMz5JbmZvcm1hdGlvbnMg
dXRpbGlzYXRldXI6PC9oMz48dWw+PGxpPjxzdHJvbmc+RW1haWw6PC9zdHJvbmc+IGFkbWluQHNp
cG9ydGV2ZW50LmNvbTwvbGk+PGxpPjxzdHJvbmc+Rmlyc3QgTmFtZTo8L3N0cm9uZz4gQWRtaW48
L2xpPjxsaT48c3Ryb25nPkxhc3QgTmFtZTo8L3N0cm9uZz4gU0lQT1JUUzwvbGk+PGxpPjxzdHJv
bmc+VXNlciBUeXBlOjwvc3Ryb25nPiBhZG1pbjwvbGk+PGxpPjxzdHJvbmc+Q29tcGFueTo8L3N0
cm9uZz4gU0lQT1JUUyBPcmdhbml6YXRpb248L2xpPjxsaT48c3Ryb25nPkxhc3QgTG9naW46PC9z
dHJvbmc+IDIwMjUtMDctMjMgMTI6MTU6NDY8L2xpPjwvdWw+PC9kaXY+CiAgICAgICAgICAgIDwv
ZGl2PgogICAgICAgICAgICAKICAgICAgICAgICAgPGRpdiBjbGFzcz0iZm9vdGVyIj4KICAgICAg
ICAgICAgICAgIDxwPkNldCBlLW1haWwgYSDDqXTDqSBnw6luw6lyw6kgYXV0b21hdGlxdWVtZW50
IHBhciBsZSBzeXN0w6htZSBTSVBPUlRTLjwvcD4KICAgICAgICAgICAgICAgIDxwPlNhbG9uIElu
dGVybmF0aW9uYWwgZGVzIFBvcnRzIGV0IGRlIGxldXIgw4ljb3N5c3TDqG1lPC9wPgogICAgICAg
ICAgICA8L2Rpdj4KICAgICAgICA8L2JvZHk+CiAgICAgICAgPC9odG1sPgogICAgICAgIA==

==================================================

==================================================
TIMESTAMP: 2025-07-23 09:40:04
FROM: noreply@siports.com
TO: epitaphemarket@gmail.com
SUBJECT: [SIPORTS] Connexion utilisateur
BODY:
CiAgICAgICAgPGh0bWw+CiAgICAgICAgPGhlYWQ+CiAgICAgICAgICAgIDxzdHlsZT4KICAgICAg
ICAgICAgICAgIGJvZHkgeyBmb250LWZhbWlseTogQXJpYWwsIHNhbnMtc2VyaWY7IGxpbmUtaGVp
Z2h0OiAxLjY7IGNvbG9yOiAjMzMzOyB9CiAgICAgICAgICAgICAgICAuaGVhZGVyIHsgYmFja2dy
b3VuZC1jb2xvcjogIzA4OTFiMjsgY29sb3I6IHdoaXRlOyBwYWRkaW5nOiAyMHB4OyB0ZXh0LWFs
aWduOiBjZW50ZXI7IH0KICAgICAgICAgICAgICAgIC5jb250ZW50IHsgcGFkZGluZzogMjBweDsg
fQogICAgICAgICAgICAgICAgLnVzZXItaW5mbyB7IGJhY2tncm91bmQtY29sb3I6ICNmMGY5ZmY7
IHBhZGRpbmc6IDE1cHg7IGJvcmRlci1sZWZ0OiA0cHggc29saWQgIzA4OTFiMjsgbWFyZ2luOiAx
NXB4IDA7IH0KICAgICAgICAgICAgICAgIC5mb290ZXIgeyBiYWNrZ3JvdW5kLWNvbG9yOiAjZjhm
OWZhOyBwYWRkaW5nOiAxNXB4OyB0ZXh0LWFsaWduOiBjZW50ZXI7IGZvbnQtc2l6ZTogMTJweDsg
Y29sb3I6ICM2NjY7IH0KICAgICAgICAgICAgICAgIC5ldmVudC10eXBlIHsgZGlzcGxheTogaW5s
aW5lLWJsb2NrOyBiYWNrZ3JvdW5kLWNvbG9yOiAjMTBiOTgxOyBjb2xvcjogd2hpdGU7IHBhZGRp
bmc6IDVweCAxMHB4OyBib3JkZXItcmFkaXVzOiA1cHg7IGZvbnQtc2l6ZTogMTJweDsgfQogICAg
ICAgICAgICA8L3N0eWxlPgogICAgICAgIDwvaGVhZD4KICAgICAgICA8Ym9keT4KICAgICAgICAg
ICAgPGRpdiBjbGFzcz0iaGVhZGVyIj4KICAgICAgICAgICAgICAgIDxoMT7wn5qiIFNJUE9SVFMg
LSBOb3RpZmljYXRpb24gU3lzdMOobWU8L2gxPgogICAgICAgICAgICA8L2Rpdj4KICAgICAgICAg
ICAgCiAgICAgICAgICAgIDxkaXYgY2xhc3M9ImNvbnRlbnQiPgogICAgICAgICAgICAgICAgPGRp
diBjbGFzcz0iZXZlbnQtdHlwZSI+Q09OTkVYSU9OPC9kaXY+CiAgICAgICAgICAgICAgICA8aDI+
Tm91dmVsbGUgYWN0aXZpdMOpIGTDqXRlY3TDqWU8L2gyPgogICAgICAgICAgICAgICAgPHA+PHN0
cm9uZz5UaW1lc3RhbXA6PC9zdHJvbmc+IDIwMjUtMDctMjMgMDk6NDA6MDQ8L3A+CiAgICAgICAg
ICAgICAgICA8cD48c3Ryb25nPk1lc3NhZ2U6PC9zdHJvbmc+IFVuIHV0aWxpc2F0ZXVyIHMnZXN0
IGNvbm5lY3TDqSDDoCBsYSBwbGF0ZWZvcm1lIFNJUE9SVFMuPC9wPgogICAgICAgICAgICAgICAg
CiAgICAgICAgICAgICAgICA8ZGl2IGNsYXNzPSd1c2VyLWluZm8nPjxoMz5JbmZvcm1hdGlvbnMg
dXRpbGlzYXRldXI6PC9oMz48dWw+PGxpPjxzdHJvbmc+RW1haWw6PC9zdHJvbmc+IHZpc2l0ZXVy
QGV4YW1wbGUuY29tPC9saT48bGk+PHN0cm9uZz5GaXJzdCBOYW1lOjwvc3Ryb25nPiBNYXJpZTwv
bGk+PGxpPjxzdHJvbmc+TGFzdCBOYW1lOjwvc3Ryb25nPiBNYXJ0aW48L2xpPjxsaT48c3Ryb25n
PlVzZXIgVHlwZTo8L3N0cm9uZz4gdmlzaXRvcjwvbGk+PGxpPjxzdHJvbmc+Q29tcGFueTo8L3N0
cm9uZz4gUG9ydCBBdXRob3JpdHk8L2xpPjxsaT48c3Ryb25nPkxhc3QgTG9naW46PC9zdHJvbmc+
IDIwMjUtMDctMjMgMTM6NDA6MDQ8L2xpPjwvdWw+PC9kaXY+CiAgICAgICAgICAgIDwvZGl2Pgog
ICAgICAgICAgICAKICAgICAgICAgICAgPGRpdiBjbGFzcz0iZm9vdGVyIj4KICAgICAgICAgICAg
ICAgIDxwPkNldCBlLW1haWwgYSDDqXTDqSBnw6luw6lyw6kgYXV0b21hdGlxdWVtZW50IHBhciBs
ZSBzeXN0w6htZSBTSVBPUlRTLjwvcD4KICAgICAgICAgICAgICAgIDxwPlNhbG9uIEludGVybmF0
aW9uYWwgZGVzIFBvcnRzIGV0IGRlIGxldXIgw4ljb3N5c3TDqG1lPC9wPgogICAgICAgICAgICA8
L2Rpdj4KICAgICAgICA8L2JvZHk+CiAgICAgICAgPC9odG1sPgogICAgICAgIA==

==================================================

==================================================
TIMESTAMP: 2025-07-23 09:42:03
FROM: noreply@siports.com
TO: epitaphemarket@gmail.com
SUBJECT: [SIPORTS] Connexion utilisateur
BODY:
CiAgICAgICAgPGh0bWw+CiAgICAgICAgPGhlYWQ+CiAgICAgICAgICAgIDxzdHlsZT4KICAgICAg
ICAgICAgICAgIGJvZHkgeyBmb250LWZhbWlseTogQXJpYWwsIHNhbnMtc2VyaWY7IGxpbmUtaGVp
Z2h0OiAxLjY7IGNvbG9yOiAjMzMzOyB9CiAgICAgICAgICAgICAgICAuaGVhZGVyIHsgYmFja2dy
b3VuZC1jb2xvcjogIzA4OTFiMjsgY29sb3I6IHdoaXRlOyBwYWRkaW5nOiAyMHB4OyB0ZXh0LWFs
aWduOiBjZW50ZXI7IH0KICAgICAgICAgICAgICAgIC5jb250ZW50IHsgcGFkZGluZzogMjBweDsg
fQogICAgICAgICAgICAgICAgLnVzZXItaW5mbyB7IGJhY2tncm91bmQtY29sb3I6ICNmMGY5ZmY7
IHBhZGRpbmc6IDE1cHg7IGJvcmRlci1sZWZ0OiA0cHggc29saWQgIzA4OTFiMjsgbWFyZ2luOiAx
NXB4IDA7IH0KICAgICAgICAgICAgICAgIC5mb290ZXIgeyBiYWNrZ3JvdW5kLWNvbG9yOiAjZjhm
OWZhOyBwYWRkaW5nOiAxNXB4OyB0ZXh0LWFsaWduOiBjZW50ZXI7IGZvbnQtc2l6ZTogMTJweDsg
Y29sb3I6ICM2NjY7IH0KICAgICAgICAgICAgICAgIC5ldmVudC10eXBlIHsgZGlzcGxheTogaW5s
aW5lLWJsb2NrOyBiYWNrZ3JvdW5kLWNvbG9yOiAjMTBiOTgxOyBjb2xvcjogd2hpdGU7IHBhZGRp
bmc6IDVweCAxMHB4OyBib3JkZXItcmFkaXVzOiA1cHg7IGZvbnQtc2l6ZTogMTJweDsgfQogICAg
ICAgICAgICA8L3N0eWxlPgogICAgICAgIDwvaGVhZD4KICAgICAgICA8Ym9keT4KICAgICAgICAg
ICAgPGRpdiBjbGFzcz0iaGVhZGVyIj4KICAgICAgICAgICAgICAgIDxoMT7wn5qiIFNJUE9SVFMg
LSBOb3RpZmljYXRpb24gU3lzdMOobWU8L2gxPgogICAgICAgICAgICA8L2Rpdj4KICAgICAgICAg
ICAgCiAgICAgICAgICAgIDxkaXYgY2xhc3M9ImNvbnRlbnQiPgogICAgICAgICAgICAgICAgPGRp
diBjbGFzcz0iZXZlbnQtdHlwZSI+Q09OTkVYSU9OPC9kaXY+CiAgICAgICAgICAgICAgICA8aDI+
Tm91dmVsbGUgYWN0aXZpdMOpIGTDqXRlY3TDqWU8L2gyPgogICAgICAgICAgICAgICAgPHA+PHN0
cm9uZz5UaW1lc3RhbXA6PC9zdHJvbmc+IDIwMjUtMDctMjMgMDk6NDI6MDM8L3A+CiAgICAgICAg
ICAgICAgICA8cD48c3Ryb25nPk1lc3NhZ2U6PC9zdHJvbmc+IFVuIHV0aWxpc2F0ZXVyIHMnZXN0
IGNvbm5lY3TDqSDDoCBsYSBwbGF0ZWZvcm1lIFNJUE9SVFMuPC9wPgogICAgICAgICAgICAgICAg
CiAgICAgICAgICAgICAgICA8ZGl2IGNsYXNzPSd1c2VyLWluZm8nPjxoMz5JbmZvcm1hdGlvbnMg
dXRpbGlzYXRldXI6PC9oMz48dWw+PGxpPjxzdHJvbmc+RW1haWw6PC9zdHJvbmc+IGV4cG9zYW50
QGV4YW1wbGUuY29tPC9saT48bGk+PHN0cm9uZz5GaXJzdCBOYW1lOjwvc3Ryb25nPiBKZWFuPC9s
aT48bGk+PHN0cm9uZz5MYXN0IE5hbWU6PC9zdHJvbmc+IER1cG9udDwvbGk+PGxpPjxzdHJvbmc+
VXNlciBUeXBlOjwvc3Ryb25nPiBleGhpYml0b3I8L2xpPjxsaT48c3Ryb25nPkNvbXBhbnk6PC9z
dHJvbmc+IE1hcml0aW1lIFNvbHV0aW9uczwvbGk+PGxpPjxzdHJvbmc+TGFzdCBMb2dpbjo8L3N0
cm9uZz4gMjAyNS0wNy0yMyAxMzo0MjowMzwvbGk+PC91bD48L2Rpdj4KICAgICAgICAgICAgPC9k
aXY+CiAgICAgICAgICAgIAogICAgICAgICAgICA8ZGl2IGNsYXNzPSJmb290ZXIiPgogICAgICAg
ICAgICAgICAgPHA+Q2V0IGUtbWFpbCBhIMOpdMOpIGfDqW7DqXLDqSBhdXRvbWF0aXF1ZW1lbnQg
cGFyIGxlIHN5c3TDqG1lIFNJUE9SVFMuPC9wPgogICAgICAgICAgICAgICAgPHA+U2Fsb24gSW50
ZXJuYXRpb25hbCBkZXMgUG9ydHMgZXQgZGUgbGV1ciDDiWNvc3lzdMOobWU8L3A+CiAgICAgICAg
ICAgIDwvZGl2PgogICAgICAgIDwvYm9keT4KICAgICAgICA8L2h0bWw+CiAgICAgICAg

==================================================

==================================================
TIMESTAMP: 2025-07-23 09:42:51
FROM: noreply@siports.com
TO: epitaphemarket@gmail.com
SUBJECT: [SIPORTS] Connexion utilisateur
BODY:
CiAgICAgICAgPGh0bWw+CiAgICAgICAgPGhlYWQ+CiAgICAgICAgICAgIDxzdHlsZT4KICAgICAg
ICAgICAgICAgIGJvZHkgeyBmb250LWZhbWlseTogQXJpYWwsIHNhbnMtc2VyaWY7IGxpbmUtaGVp
Z2h0OiAxLjY7IGNvbG9yOiAjMzMzOyB9CiAgICAgICAgICAgICAgICAuaGVhZGVyIHsgYmFja2dy
b3VuZC1jb2xvcjogIzA4OTFiMjsgY29sb3I6IHdoaXRlOyBwYWRkaW5nOiAyMHB4OyB0ZXh0LWFs
aWduOiBjZW50ZXI7IH0KICAgICAgICAgICAgICAgIC5jb250ZW50IHsgcGFkZGluZzogMjBweDsg
fQogICAgICAgICAgICAgICAgLnVzZXItaW5mbyB7IGJhY2tncm91bmQtY29sb3I6ICNmMGY5ZmY7
IHBhZGRpbmc6IDE1cHg7IGJvcmRlci1sZWZ0OiA0cHggc29saWQgIzA4OTFiMjsgbWFyZ2luOiAx
NXB4IDA7IH0KICAgICAgICAgICAgICAgIC5mb290ZXIgeyBiYWNrZ3JvdW5kLWNvbG9yOiAjZjhm
OWZhOyBwYWRkaW5nOiAxNXB4OyB0ZXh0LWFsaWduOiBjZW50ZXI7IGZvbnQtc2l6ZTogMTJweDsg
Y29sb3I6ICM2NjY7IH0KICAgICAgICAgICAgICAgIC5ldmVudC10eXBlIHsgZGlzcGxheTogaW5s
aW5lLWJsb2NrOyBiYWNrZ3JvdW5kLWNvbG9yOiAjMTBiOTgxOyBjb2xvcjogd2hpdGU7IHBhZGRp
bmc6IDVweCAxMHB4OyBib3JkZXItcmFkaXVzOiA1cHg7IGZvbnQtc2l6ZTogMTJweDsgfQogICAg
ICAgICAgICA8L3N0eWxlPgogICAgICAgIDwvaGVhZD4KICAgICAgICA8Ym9keT4KICAgICAgICAg
ICAgPGRpdiBjbGFzcz0iaGVhZGVyIj4KICAgICAgICAgICAgICAgIDxoMT7wn5qiIFNJUE9SVFMg
LSBOb3RpZmljYXRpb24gU3lzdMOobWU8L2gxPgogICAgICAgICAgICA8L2Rpdj4KICAgICAgICAg
ICAgCiAgICAgICAgICAgIDxkaXYgY2xhc3M9ImNvbnRlbnQiPgogICAgICAgICAgICAgICAgPGRp
diBjbGFzcz0iZXZlbnQtdHlwZSI+Q09OTkVYSU9OPC9kaXY+CiAgICAgICAgICAgICAgICA8aDI+
Tm91dmVsbGUgYWN0aXZpdMOpIGTDqXRlY3TDqWU8L2gyPgogICAgICAgICAgICAgICAgPHA+PHN0
cm9uZz5UaW1lc3RhbXA6PC9zdHJvbmc+IDIwMjUtMDctMjMgMDk6NDI6NTE8L3A+CiAgICAgICAg
ICAgICAgICA8cD48c3Ryb25nPk1lc3NhZ2U6PC9zdHJvbmc+IFVuIHV0aWxpc2F0ZXVyIHMnZXN0
IGNvbm5lY3TDqSDDoCBsYSBwbGF0ZWZvcm1lIFNJUE9SVFMuPC9wPgogICAgICAgICAgICAgICAg
CiAgICAgICAgICAgICAgICA8ZGl2IGNsYXNzPSd1c2VyLWluZm8nPjxoMz5JbmZvcm1hdGlvbnMg
dXRpbGlzYXRldXI6PC9oMz48dWw+PGxpPjxzdHJvbmc+RW1haWw6PC9zdHJvbmc+IGFkbWluQHNp
cG9ydGV2ZW50LmNvbTwvbGk+PGxpPjxzdHJvbmc+Rmlyc3QgTmFtZTo8L3N0cm9uZz4gQWRtaW48
L2xpPjxsaT48c3Ryb25nPkxhc3QgTmFtZTo8L3N0cm9uZz4gU0lQT1JUUzwvbGk+PGxpPjxzdHJv
bmc+VXNlciBUeXBlOjwvc3Ryb25nPiBhZG1pbjwvbGk+PGxpPjxzdHJvbmc+Q29tcGFueTo8L3N0
cm9uZz4gU0lQT1JUUyBPcmdhbml6YXRpb248L2xpPjxsaT48c3Ryb25nPkxhc3QgTG9naW46PC9z
dHJvbmc+IDIwMjUtMDctMjMgMTM6NDI6NTE8L2xpPjwvdWw+PC9kaXY+CiAgICAgICAgICAgIDwv
ZGl2PgogICAgICAgICAgICAKICAgICAgICAgICAgPGRpdiBjbGFzcz0iZm9vdGVyIj4KICAgICAg
ICAgICAgICAgIDxwPkNldCBlLW1haWwgYSDDqXTDqSBnw6luw6lyw6kgYXV0b21hdGlxdWVtZW50
IHBhciBsZSBzeXN0w6htZSBTSVBPUlRTLjwvcD4KICAgICAgICAgICAgICAgIDxwPlNhbG9uIElu
dGVybmF0aW9uYWwgZGVzIFBvcnRzIGV0IGRlIGxldXIgw4ljb3N5c3TDqG1lPC9wPgogICAgICAg
ICAgICA8L2Rpdj4KICAgICAgICA8L2JvZHk+CiAgICAgICAgPC9odG1sPgogICAgICAgIA==

==================================================

==================================================
TIMESTAMP: 2025-07-23 10:02:10
FROM: noreply@siports.com
TO: epitaphemarket@gmail.com
SUBJECT: [SIPORTS] Connexion utilisateur
BODY:
CiAgICAgICAgPGh0bWw+CiAgICAgICAgPGhlYWQ+CiAgICAgICAgICAgIDxzdHlsZT4KICAgICAg
ICAgICAgICAgIGJvZHkgeyBmb250LWZhbWlseTogQXJpYWwsIHNhbnMtc2VyaWY7IGxpbmUtaGVp
Z2h0OiAxLjY7IGNvbG9yOiAjMzMzOyB9CiAgICAgICAgICAgICAgICAuaGVhZGVyIHsgYmFja2dy
b3VuZC1jb2xvcjogIzA4OTFiMjsgY29sb3I6IHdoaXRlOyBwYWRkaW5nOiAyMHB4OyB0ZXh0LWFs
aWduOiBjZW50ZXI7IH0KICAgICAgICAgICAgICAgIC5jb250ZW50IHsgcGFkZGluZzogMjBweDsg
fQogICAgICAgICAgICAgICAgLnVzZXItaW5mbyB7IGJhY2tncm91bmQtY29sb3I6ICNmMGY5ZmY7
IHBhZGRpbmc6IDE1cHg7IGJvcmRlci1sZWZ0OiA0cHggc29saWQgIzA4OTFiMjsgbWFyZ2luOiAx
NXB4IDA7IH0KICAgICAgICAgICAgICAgIC5mb290ZXIgeyBiYWNrZ3JvdW5kLWNvbG9yOiAjZjhm
OWZhOyBwYWRkaW5nOiAxNXB4OyB0ZXh0LWFsaWduOiBjZW50ZXI7IGZvbnQtc2l6ZTogMTJweDsg
Y29sb3I6ICM2NjY7IH0KICAgICAgICAgICAgICAgIC5ldmVudC10eXBlIHsgZGlzcGxheTogaW5s
aW5lLWJsb2NrOyBiYWNrZ3JvdW5kLWNvbG9yOiAjMTBiOTgxOyBjb2xvcjogd2hpdGU7IHBhZGRp
bmc6IDVweCAxMHB4OyBib3JkZXItcmFkaXVzOiA1cHg7IGZvbnQtc2l6ZTogMTJweDsgfQogICAg
ICAgICAgICA8L3N0eWxlPgogICAgICAgIDwvaGVhZD4KICAgICAgICA8Ym9keT4KICAgICAgICAg
ICAgPGRpdiBjbGFzcz0iaGVhZGVyIj4KICAgICAgICAgICAgICAgIDxoMT7wn5qiIFNJUE9SVFMg
LSBOb3RpZmljYXRpb24gU3lzdMOobWU8L2gxPgogICAgICAgICAgICA8L2Rpdj4KICAgICAgICAg
ICAgCiAgICAgICAgICAgIDxkaXYgY2xhc3M9ImNvbnRlbnQiPgogICAgICAgICAgICAgICAgPGRp
diBjbGFzcz0iZXZlbnQtdHlwZSI+Q09OTkVYSU9OPC9kaXY+CiAgICAgICAgICAgICAgICA8aDI+
Tm91dmVsbGUgYWN0aXZpdMOpIGTDqXRlY3TDqWU8L2gyPgogICAgICAgICAgICAgICAgPHA+PHN0
cm9uZz5UaW1lc3RhbXA6PC9zdHJvbmc+IDIwMjUtMDctMjMgMTA6MDI6MTA8L3A+CiAgICAgICAg
ICAgICAgICA8cD48c3Ryb25nPk1lc3NhZ2U6PC9zdHJvbmc+IFVuIHV0aWxpc2F0ZXVyIHMnZXN0
IGNvbm5lY3TDqSDDoCBsYSBwbGF0ZWZvcm1lIFNJUE9SVFMuPC9wPgogICAgICAgICAgICAgICAg
CiAgICAgICAgICAgICAgICA8ZGl2IGNsYXNzPSd1c2VyLWluZm8nPjxoMz5JbmZvcm1hdGlvbnMg
dXRpbGlzYXRldXI6PC9oMz48dWw+PGxpPjxzdHJvbmc+RW1haWw6PC9zdHJvbmc+IGV4cG9zYW50
QGV4YW1wbGUuY29tPC9saT48bGk+PHN0cm9uZz5GaXJzdCBOYW1lOjwvc3Ryb25nPiBKZWFuPC9s
aT48bGk+PHN0cm9uZz5MYXN0IE5hbWU6PC9zdHJvbmc+IER1cG9udDwvbGk+PGxpPjxzdHJvbmc+
VXNlciBUeXBlOjwvc3Ryb25nPiBleGhpYml0b3I8L2xpPjxsaT48c3Ryb25nPkNvbXBhbnk6PC9z
dHJvbmc+IE1hcml0aW1lIFNvbHV0aW9uczwvbGk+PGxpPjxzdHJvbmc+TGFzdCBMb2dpbjo8L3N0
cm9uZz4gMjAyNS0wNy0yMyAxNDowMjoxMDwvbGk+PC91bD48L2Rpdj4KICAgICAgICAgICAgPC9k
aXY+CiAgICAgICAgICAgIAogICAgICAgICAgICA8ZGl2IGNsYXNzPSJmb290ZXIiPgogICAgICAg
ICAgICAgICAgPHA+Q2V0IGUtbWFpbCBhIMOpdMOpIGfDqW7DqXLDqSBhdXRvbWF0aXF1ZW1lbnQg
cGFyIGxlIHN5c3TDqG1lIFNJUE9SVFMuPC9wPgogICAgICAgICAgICAgICAgPHA+U2Fsb24gSW50
ZXJuYXRpb25hbCBkZXMgUG9ydHMgZXQgZGUgbGV1ciDDiWNvc3lzdMOobWU8L3A+CiAgICAgICAg
ICAgIDwvZGl2PgogICAgICAgIDwvYm9keT4KICAgICAgICA8L2h0bWw+CiAgICAgICAg

==================================================

==================================================
TIMESTAMP: 2025-07-23 22:58:55
FROM: noreply@siports.com
TO: epitaphemarket@gmail.com
SUBJECT: [SIPORTS] Connexion utilisateur
BODY:
CiAgICAgICAgPGh0bWw+CiAgICAgICAgPGhlYWQ+CiAgICAgICAgICAgIDxzdHlsZT4KICAgICAg
ICAgICAgICAgIGJvZHkgeyBmb250LWZhbWlseTogQXJpYWwsIHNhbnMtc2VyaWY7IGxpbmUtaGVp
Z2h0OiAxLjY7IGNvbG9yOiAjMzMzOyB9CiAgICAgICAgICAgICAgICAuaGVhZGVyIHsgYmFja2dy
b3VuZC1jb2xvcjogIzA4OTFiMjsgY29sb3I6IHdoaXRlOyBwYWRkaW5nOiAyMHB4OyB0ZXh0LWFs
aWduOiBjZW50ZXI7IH0KICAgICAgICAgICAgICAgIC5jb250ZW50IHsgcGFkZGluZzogMjBweDsg
fQogICAgICAgICAgICAgICAgLnVzZXItaW5mbyB7IGJhY2tncm91bmQtY29sb3I6ICNmMGY5ZmY7
IHBhZGRpbmc6IDE1cHg7IGJvcmRlci1sZWZ0OiA0cHggc29saWQgIzA4OTFiMjsgbWFyZ2luOiAx
NXB4IDA7IH0KICAgICAgICAgICAgICAgIC5mb290ZXIgeyBiYWNrZ3JvdW5kLWNvbG9yOiAjZjhm
OWZhOyBwYWRkaW5nOiAxNXB4OyB0ZXh0LWFsaWduOiBjZW50ZXI7IGZvbnQtc2l6ZTogMTJweDsg
Y29sb3I6ICM2NjY7IH0KICAgICAgICAgICAgICAgIC5ldmVudC10eXBlIHsgZGlzcGxheTogaW5s
aW5lLWJsb2NrOyBiYWNrZ3JvdW5kLWNvbG9yOiAjMTBiOTgxOyBjb2xvcjogd2hpdGU7IHBhZGRp
bmc6IDVweCAxMHB4OyBib3JkZXItcmFkaXVzOiA1cHg7IGZvbnQtc2l6ZTogMTJweDsgfQogICAg
ICAgICAgICA8L3N0eWxlPgogICAgICAgIDwvaGVhZD4KICAgICAgICA8Ym9keT4KICAgICAgICAg
ICAgPGRpdiBjbGFzcz0iaGVhZGVyIj4KICAgICAgICAgICAgICAgIDxoMT7wn5qiIFNJUE9SVFMg
LSBOb3RpZmljYXRpb24gU3lzdMOobWU8L2gxPgogICAgICAgICAgICA8L2Rpdj4KICAgICAgICAg
ICAgCiAgICAgICAgICAgIDxkaXYgY2xhc3M9ImNvbnRlbnQiPgogICAgICAgICAgICAgICAgPGRp
diBjbGFzcz0iZXZlbnQtdHlwZSI+Q09OTkVYSU9OPC9kaXY+CiAgICAgICAgICAgICAgICA8aDI+
Tm91dmVsbGUgYWN0aXZpdMOpIGTDqXRlY3TDqWU8L2gyPgogICAgICAgICAgICAgICAgPHA+PHN0
cm9uZz5UaW1lc3RhbXA6PC9zdHJvbmc+IDIwMjUtMDctMjMgMjI6NTg6NTU8L3A+CiAgICAgICAg
ICAgICAgICA8cD48c3Ryb25nPk1lc3NhZ2U6PC9zdHJvbmc+IFVuIHV0aWxpc2F0ZXVyIHMnZXN0
IGNvbm5lY3TDqSDDoCBsYSBwbGF0ZWZvcm1lIFNJUE9SVFMuPC9wPgogICAgICAgICAgICAgICAg
CiAgICAgICAgICAgICAgICA8ZGl2IGNsYXNzPSd1c2VyLWluZm8nPjxoMz5JbmZvcm1hdGlvbnMg
dXRpbGlzYXRldXI6PC9oMz48dWw+PGxpPjxzdHJvbmc+RW1haWw6PC9zdHJvbmc+IGFkbWluQHNp
cG9ydGV2ZW50LmNvbTwvbGk+PGxpPjxzdHJvbmc+Rmlyc3QgTmFtZTo8L3N0cm9uZz4gQWRtaW48
L2xpPjxsaT48c3Ryb25nPkxhc3QgTmFtZTo8L3N0cm9uZz4gU0lQT1JUUzwvbGk+PGxpPjxzdHJv
bmc+VXNlciBUeXBlOjwvc3Ryb25nPiBhZG1pbjwvbGk+PGxpPjxzdHJvbmc+Q29tcGFueTo8L3N0
cm9uZz4gU0lQT1JUUyBPcmdhbml6YXRpb248L2xpPjxsaT48c3Ryb25nPkxhc3QgTG9naW46PC9z
dHJvbmc+IDIwMjUtMDctMjQgMDI6NTg6NTU8L2xpPjwvdWw+PC9kaXY+CiAgICAgICAgICAgIDwv
ZGl2PgogICAgICAgICAgICAKICAgICAgICAgICAgPGRpdiBjbGFzcz0iZm9vdGVyIj4KICAgICAg
ICAgICAgICAgIDxwPkNldCBlLW1haWwgYSDDqXTDqSBnw6luw6lyw6kgYXV0b21hdGlxdWVtZW50
IHBhciBsZSBzeXN0w6htZSBTSVBPUlRTLjwvcD4KICAgICAgICAgICAgICAgIDxwPlNhbG9uIElu
dGVybmF0aW9uYWwgZGVzIFBvcnRzIGV0IGRlIGxldXIgw4ljb3N5c3TDqG1lPC9wPgogICAgICAg
ICAgICA8L2Rpdj4KICAgICAgICA8L2JvZHk+CiAgICAgICAgPC9odG1sPgogICAgICAgIA==

==================================================
